<?xml version="1.0" encoding="UTF-8"?>
<!-- Generated by org.testng.reporters.JUnitXMLReporter -->
<testsuite ignored="0" hostname="LAPTOP-12H40R3L" failures="0" tests="2" name="Surefire test" time="10.512" errors="0" timestamp="2023-12-18T16:14:15 IST">
  <testcase classname="com.herokuapp.theinternet.NegativeTests" name="incorrectPasswordTest" time="5.781"/>
  <testcase classname="com.herokuapp.theinternet.NegativeTests" name="incorrectUsernameTest" time="4.693"/>
</testsuite> <!-- Surefire test -->
