<?xml version="1.0" encoding="UTF-8"?>
<testng-results ignored="0" total="2" passed="2" failed="0" skipped="0">
  <reporter-output>
  </reporter-output>
  <suite started-at="2023-12-18T16:14:05 IST" name="Surefire suite" finished-at="2023-12-18T16:14:15 IST" duration-ms="10512">
    <groups>
    </groups>
    <test started-at="2023-12-18T16:14:05 IST" name="Surefire test" finished-at="2023-12-18T16:14:15 IST" duration-ms="10512">
      <class name="com.herokuapp.theinternet.NegativeTests">
        <test-method signature="incorrectPasswordTest()[pri:0, instance:com.herokuapp.theinternet.NegativeTests@15761df8]" started-at="2023-12-18T16:14:05 IST" name="incorrectPasswordTest" finished-at="2023-12-18T16:14:10 IST" duration-ms="5781" status="PASS">
          <reporter-output>
          </reporter-output>
        </test-method> <!-- incorrectPasswordTest -->
        <test-method signature="incorrectUsernameTest()[pri:0, instance:com.herokuapp.theinternet.NegativeTests@15761df8]" started-at="2023-12-18T16:14:11 IST" name="incorrectUsernameTest" finished-at="2023-12-18T16:14:15 IST" duration-ms="4693" status="PASS">
          <reporter-output>
          </reporter-output>
        </test-method> <!-- incorrectUsernameTest -->
      </class> <!-- com.herokuapp.theinternet.NegativeTests -->
    </test> <!-- Surefire test -->
  </suite> <!-- Surefire suite -->
</testng-results>
