<?xml version="1.0" encoding="UTF-8"?>
<testng-results ignored="0" total="1" passed="1" failed="0" skipped="0">
  <reporter-output>
  </reporter-output>
  <suite started-at="2023-12-18T12:54:46 IST" name="Surefire suite" finished-at="2023-12-18T12:54:53 IST" duration-ms="7024">
    <groups>
    </groups>
    <test started-at="2023-12-18T12:54:46 IST" name="Surefire test" finished-at="2023-12-18T12:54:53 IST" duration-ms="7024">
      <class name="com.herokuapp.theinternet.PositiveTests">
        <test-method signature="loginTest()[pri:0, instance:com.herokuapp.theinternet.PositiveTests@15761df8]" started-at="2023-12-18T12:54:46 IST" name="loginTest" finished-at="2023-12-18T12:54:53 IST" duration-ms="6965" status="PASS">
          <reporter-output>
          </reporter-output>
        </test-method> <!-- loginTest -->
      </class> <!-- com.herokuapp.theinternet.PositiveTests -->
    </test> <!-- Surefire test -->
  </suite> <!-- Surefire suite -->
</testng-results>
